<?xml version="1.0" encoding="UTF-8"?>
<coverage generated="1692042482435" clover="3.2.0">
  <project timestamp="1692042482435" name="All files">
    <metrics statements="18" coveredstatements="18" conditionals="0" coveredconditionals="0" methods="6" coveredmethods="6" elements="24" coveredelements="24" complexity="0" loc="18" ncloc="18" packages="2" files="3" classes="3"/>
    <package name="shared">
      <metrics statements="3" coveredstatements="3" conditionals="0" coveredconditionals="0" methods="1" coveredmethods="1"/>
      <file name="index.ts" path="/home/timon/projects/weather-widget/src/shared/index.ts">
        <metrics statements="3" coveredstatements="3" conditionals="0" coveredconditionals="0" methods="1" coveredmethods="1"/>
        <line num="1" count="1" type="stmt"/>
        <line num="3" count="2" type="stmt"/>
        <line num="4" count="1" type="stmt"/>
      </file>
    </package>
    <package name="shared.api">
      <metrics statements="15" coveredstatements="15" conditionals="0" coveredconditionals="0" methods="5" coveredmethods="5"/>
      <file name="api.ts" path="/home/timon/projects/weather-widget/src/shared/api/api.ts">
        <metrics statements="12" coveredstatements="12" conditionals="0" coveredconditionals="0" methods="5" coveredmethods="5"/>
        <line num="1" count="1" type="stmt"/>
        <line num="6" count="1" type="stmt"/>
        <line num="13" count="6" type="stmt"/>
        <line num="15" count="6" type="stmt"/>
        <line num="22" count="1" type="stmt"/>
        <line num="24" count="1" type="stmt"/>
        <line num="31" count="1" type="stmt"/>
        <line num="33" count="1" type="stmt"/>
        <line num="40" count="1" type="stmt"/>
        <line num="42" count="1" type="stmt"/>
        <line num="49" count="1" type="stmt"/>
        <line num="51" count="1" type="stmt"/>
      </file>
      <file name="index.ts" path="/home/timon/projects/weather-widget/src/shared/api/index.ts">
        <metrics statements="3" coveredstatements="3" conditionals="0" coveredconditionals="0" methods="0" coveredmethods="0"/>
        <line num="1" count="1" type="stmt"/>
        <line num="3" count="1" type="stmt"/>
        <line num="4" count="1" type="stmt"/>
      </file>
    </package>
  </project>
</coverage>
